<?xml version="1.0" encoding="UTF-8"?>
<robot generator="Robot 6.1.1 (Python 3.8.2 on win32)" generated="20230824 12:52:49.594" rpa="false" schemaversion="4">
<suite id="s1" name="Example" source="C:\Users\divya\PycharmProjects\UI_Automation_Project\Test\example.robot">
<test id="s1-t1" name="Valid Login" line="10">
<kw name="Open Browser" library="SeleniumLibrary">
<arg>${LOGIN URL}</arg>
<arg>${BROWSER}</arg>
<doc>Opens a new browser instance to the optional ``url``.</doc>
<msg timestamp="20230824 12:52:49.779" level="INFO">Opening browser 'Chrome' to base url 'https://www.saucedemo.com/'.</msg>
<status status="PASS" starttime="20230824 12:52:49.779" endtime="20230824 12:52:52.089"/>
</kw>
<kw name="Sleep" library="BuiltIn">
<arg>5s</arg>
<doc>Pauses the test executed for the given time.</doc>
<msg timestamp="20230824 12:52:57.100" level="INFO">Slept 5 seconds</msg>
<status status="PASS" starttime="20230824 12:52:52.089" endtime="20230824 12:52:57.100"/>
</kw>
<kw name="Input Text" library="SeleniumLibrary">
<arg>//input[@id="user-name"]</arg>
<arg>standard_user</arg>
<doc>Types the given ``text`` into the text field identified by ``locator``.</doc>
<msg timestamp="20230824 12:52:57.101" level="INFO">Typing text 'standard_user' into text field '//input[@id="user-name"]'.</msg>
<status status="PASS" starttime="20230824 12:52:57.100" endtime="20230824 12:52:57.208"/>
</kw>
<kw name="Input Password" library="SeleniumLibrary">
<arg>//input[@id="password"]</arg>
<arg>secret_sauce</arg>
<doc>Types the given password into the text field identified by ``locator``.</doc>
<msg timestamp="20230824 12:52:57.208" level="INFO">Typing password into text field '//input[@id="password"]'.</msg>
<msg timestamp="20230824 12:52:57.240" level="INFO">Temporally setting log level to: NONE</msg>
<msg timestamp="20230824 12:52:57.279" level="INFO">Log level changed from NONE to INFO.</msg>
<status status="PASS" starttime="20230824 12:52:57.208" endtime="20230824 12:52:57.279"/>
</kw>
<kw name="Sleep" library="BuiltIn">
<arg>5s</arg>
<doc>Pauses the test executed for the given time.</doc>
<msg timestamp="20230824 12:53:02.290" level="INFO">Slept 5 seconds</msg>
<status status="PASS" starttime="20230824 12:52:57.279" endtime="20230824 12:53:02.291"/>
</kw>
<kw name="Click Button" library="SeleniumLibrary">
<arg>//input[@id="login-button"]</arg>
<doc>Clicks the button identified by ``locator``.</doc>
<msg timestamp="20230824 12:53:02.291" level="INFO">Clicking button '//input[@id="login-button"]'.</msg>
<status status="PASS" starttime="20230824 12:53:02.291" endtime="20230824 12:53:02.431"/>
</kw>
<kw name="Sleep" library="BuiltIn">
<arg>5s</arg>
<doc>Pauses the test executed for the given time.</doc>
<msg timestamp="20230824 12:53:07.436" level="INFO">Slept 5 seconds</msg>
<status status="PASS" starttime="20230824 12:53:02.431" endtime="20230824 12:53:07.436"/>
</kw>
<kw name="Close Browser" library="SeleniumLibrary">
<doc>Closes the current browser.</doc>
<status status="PASS" starttime="20230824 12:53:07.436" endtime="20230824 12:53:09.561"/>
</kw>
<status status="PASS" starttime="20230824 12:52:49.779" endtime="20230824 12:53:09.561"/>
</test>
<doc>Simple example using SeleniumLibrary.</doc>
<status status="PASS" starttime="20230824 12:52:49.594" endtime="20230824 12:53:09.563"/>
</suite>
<statistics>
<total>
<stat pass="1" fail="0" skip="0">All Tests</stat>
</total>
<tag>
</tag>
<suite>
<stat pass="1" fail="0" skip="0" id="s1" name="Example">Example</stat>
</suite>
</statistics>
<errors>
</errors>
</robot>
